Case #1: 1 0
Case #2: 1 0
Case #3: 1 1
Case #4: 0 0
Case #5: 500 499
Case #6: 1 0
Case #7: 0 0
Case #8: 7 6
Case #9: 1 1
Case #10: 0 0
Case #11: 0 0
Case #12: 0 0
Case #13: 0 0
Case #14: 0 0
Case #15: 0 0
Case #16: 3 2
Case #17: 1 0
Case #18: 0 0
Case #19: 1 0
Case #20: 3 2
Case #21: 2 2
Case #22: 0 0
Case #23: 1 0
Case #24: 0 0
Case #25: 0 0
Case #26: 2 1
Case #27: 0 0
Case #28: 0 0
Case #29: 0 0
Case #30: 0 0
Case #31: 0 0
Case #32: 1 0
Case #33: 250 249
Case #34: 1 1
Case #35: 0 0
Case #36: 1 0
Case #37: 249 249
Case #38: 1 0
Case #39: 3 3
Case #40: 1 0
Case #41: 1 0
Case #42: 0 0
Case #43: 0 0
Case #44: 0 0
Case #45: 0 0
Case #46: 0 0
Case #47: 0 0
Case #48: 0 0
Case #49: 250 249
Case #50: 1 0
Case #51: 0 0
Case #52: 0 0
Case #53: 0 0
Case #54: 1 0
Case #55: 0 0
Case #56: 0 0
Case #57: 3 3
Case #58: 0 0
Case #59: 0 0
Case #60: 0 0
Case #61: 0 0
Case #62: 0 0
Case #63: 0 0
Case #64: 0 0
Case #65: 1 0
Case #66: 0 0
Case #67: 125 124
Case #68: 0 0
Case #69: 1 1
Case #70: 1 0
Case #71: 1 1
Case #72: 1 1
Case #73: 1 1
Case #74: 1 1
Case #75: 1 0
Case #76: 3 2
Case #77: 0 0
Case #78: 0 0
Case #79: 1 0
Case #80: 0 0
Case #81: 3 3
Case #82: 3 2
Case #83: 7 6
Case #84: 0 0
Case #85: 0 0
Case #86: 0 0
Case #87: 0 0
Case #88: 1 1
Case #89: 499 499
Case #90: 0 0
Case #91: 1 0
Case #92: 0 0
Case #93: 0 0
Case #94: 0 0
Case #95: 1 0
Case #96: 3 3
Case #97: 1 0
Case #98: 1 1
Case #99: 1 1
Case #100: 0 0
