Case #1: 1 0
Case #2: 1 0
Case #3: 1 1
Case #4: 0 0
Case #5: 500 499
Case #6: 0 0
Case #7: 3 2
Case #8: 0 0
Case #9: 250000 249999
Case #10: 1 1
Case #11: 0 0
Case #12: 1 1
Case #13: 2 2
Case #14: 0 0
Case #15: 0 0
Case #16: 0 0
Case #17: 0 0
Case #18: 0 0
Case #19: 3905 3905
Case #20: 0 0
Case #21: 3906 3905
Case #22: 0 0
Case #23: 0 0
Case #24: 0 0
Case #25: 1 0
Case #26: 0 0
Case #27: 1 1
Case #28: 0 0
Case #29: 0 0
Case #30: 0 0
Case #31: 3 2
Case #32: 499999 499999
Case #33: 1 0
Case #34: 7812 7811
Case #35: 3 2
Case #36: 1953 1952
Case #37: 0 0
Case #38: 0 0
Case #39: 250000 249999
Case #40: 1 1
Case #41: 1 0
Case #42: 0 0
Case #43: 0 0
Case #44: 0 0
Case #45: 1 0
Case #46: 0 0
Case #47: 1 0
Case #48: 0 0
Case #49: 0 0
Case #50: 0 0
Case #51: 0 0
Case #52: 7812 7811
Case #53: 0 0
Case #54: 1 0
Case #55: 0 0
Case #56: 0 0
Case #57: 0 0
Case #58: 125000 124999
Case #59: 0 0
Case #60: 3906 3905
Case #61: 0 0
Case #62: 1 0
Case #63: 1 0
Case #64: 0 0
Case #65: 1 0
Case #66: 0 0
Case #67: 1 0
Case #68: 1 0
Case #69: 1 0
Case #70: 1 0
Case #71: 0 0
Case #72: 0 0
Case #73: 1 0
Case #74: 1 1
Case #75: 0 0
Case #76: 0 0
Case #77: 1 1
Case #78: 0 0
Case #79: 1 0
Case #80: 0 0
Case #81: 1 0
Case #82: 0 0
Case #83: 249999 249999
Case #84: 1 1
Case #85: 1 0
Case #86: 500000 499999
Case #87: 0 0
Case #88: 0 0
Case #89: 1 0
Case #90: 0 0
Case #91: 1 1
Case #92: 0 0
Case #93: 2 1
Case #94: 1 1
Case #95: 0 0
Case #96: 0 0
Case #97: 0 0
Case #98: 0 0
Case #99: 1 1
Case #100: 1 0
