Case #1: 1 0
Case #2: 1 0
Case #3: 1 1
Case #4: 0 0
Case #5: 500 499
Case #6: 0 0
Case #7: 1 0
Case #8: 3 2
Case #9: 3 3
Case #10: 3 2
Case #11: 1 1
Case #12: 1 1
Case #13: 1 0
Case #14: 0 0
Case #15: 1 0
Case #16: 0 0
Case #17: 0 0
Case #18: 1 0
Case #19: 1 0
Case #20: 0 0
Case #21: 3 3
Case #22: 0 0
Case #23: 0 0
Case #24: 0 0
Case #25: 0 0
Case #26: 0 0
Case #27: 0 0
Case #28: 0 0
Case #29: 0 0
Case #30: 0 0
Case #31: 1 0
Case #32: 0 0
Case #33: 1 1
Case #34: 0 0
Case #35: 1 0
Case #36: 0 0
Case #37: 0 0
Case #38: 3 2
Case #39: 1 0
Case #40: 1 0
Case #41: 1 1
Case #42: 0 0
Case #43: 1 1
Case #44: 0 0
Case #45: 1 1
Case #46: 1 0
Case #47: 0 0
Case #48: 0 0
Case #49: 0 0
Case #50: 0 0
Case #51: 1 0
Case #52: 0 0
Case #53: 0 0
Case #54: 0 0
Case #55: 0 0
Case #56: 3 2
Case #57: 1 0
Case #58: 125 124
Case #59: 0 0
Case #60: 3 3
Case #61: 0 0
Case #62: 0 0
Case #63: 1 0
Case #64: 1 0
Case #65: 0 0
Case #66: 0 0
Case #67: 1 0
Case #68: 0 0
Case #69: 1 0
Case #70: 0 0
Case #71: 3 3
Case #72: 0 0
Case #73: 0 0
Case #74: 0 0
Case #75: 1 1
Case #76: 0 0
Case #77: 2 1
Case #78: 0 0
Case #79: 1 0
Case #80: 1 0
Case #81: 7 6
Case #82: 0 0
Case #83: 0 0
Case #84: 249 249
Case #85: 499 499
Case #86: 1 1
Case #87: 0 0
Case #88: 7 6
Case #89: 1 1
Case #90: 0 0
Case #91: 1 1
Case #92: 0 0
Case #93: 0 0
Case #94: 250 249
Case #95: 0 0
Case #96: 1 0
Case #97: 0 0
Case #98: 2 2
Case #99: 250 249
Case #100: 0 0
