Case #1: 15 25
Case #2: 0 0
Case #3: 81 567
Case #4: 181 244
Case #5: 0 0
Case #6: 5000000 5000000
Case #7: 10000 9990000
Case #8: 5054 10369
Case #9: 12080 19112
Case #10: 2796 11696
Case #11: 8463 27966
Case #12: 16205 43639
Case #13: 5495 19064
Case #14: 10016 32994
Case #15: 17044 57317
Case #16: 22108 61764
Case #17: 20426 52970
Case #18: 25082 72100
Case #19: 34052 88694
Case #20: 36610 86907
Case #21: 23073 61162
Case #22: 25004 78272
Case #23: 36832 94058
Case #24: 39614 80777
Case #25: 34365 90982
Case #26: 37743 106018
Case #27: 31648 125158
Case #28: 41396 122758
Case #29: 36817 122723
Case #30: 43290 106025
Case #31: 45332 143210
Case #32: 37980 141157
Case #33: 40250 133293
Case #34: 52529 141558
Case #35: 42757 150358
Case #36: 51308 126051
Case #37: 52086 122568
Case #38: 53835 182804
Case #39: 78489 168685
Case #40: 56096 179843
Case #41: 45129 184034
Case #42: 61927 200203
Case #43: 62496 182437
Case #44: 57595 216355
Case #45: 61644 200329
Case #46: 73710 200536
Case #47: 76153 223359
Case #48: 74966 187233
Case #49: 94632 217402
Case #50: 78185 229671
Case #51: 78084 194041
Case #52: 67023 217880
Case #53: 85073 230219
Case #54: 1591535 4882760
Case #55: 1682077 5101803
Case #56: 1808410 4904442
Case #57: 1659564 5044195
Case #58: 1660255 5116410
Case #59: 1701851 4938694
Case #60: 1697145 4965749
Case #61: 1664004 4876994
Case #62: 1704732 5053043
Case #63: 1689971 4888061
Case #64: 1682922 4876384
Case #65: 1608755 4965755
Case #66: 1684755 4908542
Case #67: 1577309 4890203
Case #68: 1701195 4878868
Case #69: 1701547 5141419
Case #70: 1660265 5077317
Case #71: 1664838 5154849
Case #72: 1649511 5002959
Case #73: 1564075 5117211
Case #74: 1664152 5119705
Case #75: 1660933 5012552
Case #76: 1694508 4875931
Case #77: 1621709 5058830
Case #78: 1610846 5050170
Case #79: 1764235 4887945
Case #80: 1689067 5096256
Case #81: 1622885 4803066
Case #82: 1727391 4959544
Case #83: 1659779 4923210
Case #84: 1618342 5041401
Case #85: 1619507 4878260
Case #86: 1713494 4959154
Case #87: 1681594 5181768
Case #88: 1667694 5068491
Case #89: 1704150 5040761
Case #90: 1673821 5001084
Case #91: 1594119 5004228
Case #92: 1669526 5056772
Case #93: 1738468 4871896
Case #94: 1658484 4876694
Case #95: 1687504 4939208
Case #96: 1662248 4915556
Case #97: 1657436 5149021
Case #98: 1695360 4867440
Case #99: 1672742 4898697
Case #100: 1768480 5078790
