Case #1: 15 25
Case #2: 0 0
Case #3: 81 567
Case #4: 181 244
Case #5: 0 0
Case #6: 500 500
Case #7: 100 900
Case #8: 54 153
Case #9: 84 229
Case #10: 61 276
Case #11: 92 379
Case #12: 141 422
Case #13: 184 394
Case #14: 130 505
Case #15: 185 503
Case #16: 109 477
Case #17: 127 326
Case #18: 143 422
Case #19: 137 431
Case #20: 103 288
Case #21: 186 428
Case #22: 120 470
Case #23: 118 338
Case #24: 118 373
Case #25: 125 430
Case #26: 137 435
Case #27: 200 390
Case #28: 113 330
Case #29: 91 455
Case #30: 99 396
Case #31: 142 503
Case #32: 145 259
Case #33: 144 394
Case #34: 182 459
Case #35: 193 328
Case #36: 38 240
Case #37: 178 360
Case #38: 192 373
Case #39: 169 449
Case #40: 156 381
Case #41: 101 296
Case #42: 146 344
Case #43: 88 244
Case #44: 192 428
Case #45: 111 348
Case #46: 168 369
Case #47: 126 372
Case #48: 125 339
Case #49: 160 307
Case #50: 102 323
Case #51: 123 283
Case #52: 124 222
Case #53: 120 181
Case #54: 144 434
Case #55: 143 354
Case #56: 136 460
Case #57: 136 539
Case #58: 176 333
Case #59: 136 321
Case #60: 146 426
Case #61: 142 385
Case #62: 190 358
Case #63: 101 334
Case #64: 209 487
Case #65: 124 274
Case #66: 155 335
Case #67: 112 286
Case #68: 79 310
Case #69: 272 365
Case #70: 159 327
Case #71: 147 344
Case #72: 127 341
Case #73: 174 457
Case #74: 135 214
Case #75: 160 296
Case #76: 130 308
Case #77: 75 257
Case #78: 70 223
Case #79: 262 401
Case #80: 184 418
Case #81: 80 339
Case #82: 71 293
Case #83: 121 516
Case #84: 163 425
Case #85: 80 270
Case #86: 133 364
Case #87: 88 279
Case #88: 195 395
Case #89: 216 419
Case #90: 152 361
Case #91: 141 434
Case #92: 257 465
Case #93: 160 450
Case #94: 167 460
Case #95: 106 355
Case #96: 144 381
Case #97: 176 336
Case #98: 258 425
Case #99: 121 368
Case #100: 108 385
