Case #1: 775 26
Case #2: 386 3
Case #3: 423 25
Case #4: 993 63
Case #5: 982 27
Case #6: 1000 1000
Case #7: 431 7
Case #8: 961 961
Case #9: 993 32
Case #10: 981 42
Case #11: 962 16
Case #12: 982 37
Case #13: 960 25
Case #14: 0 0
Case #15: 0 0
Case #16: 975 36
Case #17: 1000 1000
Case #18: 828 828
Case #19: 891 52
Case #20: 1000 1000
Case #21: 671 25
Case #22: 986 43
Case #23: 979 35
Case #24: 971 22
Case #25: 968 17
Case #26: 191 8
Case #27: 0 0
Case #28: 463 7
Case #29: 957 15
Case #30: 967 14
Case #31: 0 0
Case #32: 1000 1000
Case #33: 1000 1000
Case #34: 972 23
Case #35: 358 358
Case #36: 164 13
Case #37: 632 25
Case #38: 981 18
Case #39: 579 53
Case #40: 0 0
Case #41: 961 24
Case #42: 543 15
Case #43: 0 0
Case #44: 997 62
Case #45: 932 40
Case #46: 296 13
Case #47: 0 0
Case #48: 1000 1000
Case #49: 72 4
Case #50: 957 8
