Case #1: 10 10
Case #2: 4 2
Case #3: 0 0
Case #4: 9 3
Case #5: 2 2
Case #6: 7 3
Case #7: 8 1
Case #8: 8 8
Case #9: 3 0
Case #10: 0 0
Case #11: 7 4
Case #12: 10 10
Case #13: 3 1
Case #14: 7 5
Case #15: 0 0
Case #16: 0 0
Case #17: 8 2
Case #18: 10 10
Case #19: 1 1
Case #20: 8 4
Case #21: 9 3
Case #22: 3 2
Case #23: 10 10
Case #24: 8 4
Case #25: 3 1
Case #26: 5 2
Case #27: 7 1
Case #28: 10 6
Case #29: 2 1
Case #30: 5 3
Case #31: 0 0
Case #32: 0 0
Case #33: 0 0
Case #34: 8 2
Case #35: 1 0
Case #36: 8 2
Case #37: 10 10
Case #38: 0 0
Case #39: 0 0
Case #40: 7 2
Case #41: 5 1
Case #42: 4 1
Case #43: 7 1
Case #44: 0 0
Case #45: 5 2
Case #46: 9 4
Case #47: 10 10
Case #48: 9 3
Case #49: 7 1
Case #50: 5 5
